Using pre-set license
Built from '2020.3/staging' branch; Version is '2020.3.26f1 (7298b473bc1a) revision 7510196'; Using compiler version '192528614'; Build Type 'Release'
OS: 'Windows 11  (10.0.22000) 64bit CoreSingleLanguage' Language: 'tr' Physical Memory: 3976 MB
BatchMode: 1, IsHumanControllingUs: 0, StartBugReporterOnCrash: 0, Is64bit: 1, IsPro: 0

COMMAND LINE ARGUMENTS:
G:\Unity\Hub\Editor\2020.3.26f1\Editor\Unity.exe
-adb2
-batchMode
-noUpm
-name
AssetImportWorker45
-projectPath
G:/Projects/Dog Mario
-logFile
Logs/AssetImportWorker45.log
-srvPort
55496
Successfully changed project path to: G:/Projects/Dog Mario
G:/Projects/Dog Mario
Using Asset Import Pipeline V2.
Refreshing native plugins compatible for Editor in 92.45 ms, found 3 plugins.
Preloading 0 native plugins for Editor in 0.00 ms.
Initialize engine version: 2020.3.26f1 (7298b473bc1a)
[Subsystems] Discovering subsystems at path G:/Unity/Hub/Editor/2020.3.26f1/Editor/Data/Resources/UnitySubsystems
[Subsystems] Discovering subsystems at path G:/Projects/Dog Mario/Assets
GfxDevice: creating device client; threaded=0
Direct3D:
    Version:  Direct3D 11.0 [level 11.0]
    Renderer: NVIDIA GeForce MX110 (ID=0x174e)
    Vendor:   
    VRAM:     2010 MB
    Driver:   30.0.14.9649
Initialize mono
Mono path[0] = 'G:/Unity/Hub/Editor/2020.3.26f1/Editor/Data/Managed'
Mono path[1] = 'G:/Unity/Hub/Editor/2020.3.26f1/Editor/Data/MonoBleedingEdge/lib/mono/unityjit'
Mono config path = 'G:/Unity/Hub/Editor/2020.3.26f1/Editor/Data/MonoBleedingEdge/etc'
Using monoOptions --debugger-agent=transport=dt_socket,embedding=1,server=y,suspend=n,address=127.0.0.1:56508
Begin MonoManager ReloadAssembly
Registering precompiled unity dll's ...
Register platform support module: G:/Unity/Hub/Editor/2020.3.26f1/Editor/Data/PlaybackEngines/WindowsStandaloneSupport/UnityEditor.WindowsStandalone.Extensions.dll
Registered in 0.000719 seconds.
Native extension for WindowsStandalone target not found
Refreshing native plugins compatible for Editor in 51.48 ms, found 3 plugins.
Preloading 0 native plugins for Editor in 0.00 ms.
Mono: successfully reloaded assembly
- Completed reload, in  0.633 seconds
Domain Reload Profiling:
	ReloadAssembly (633ms)
		BeginReloadAssembly (53ms)
			ExecutionOrderSort (0ms)
			DisableScriptedObjects (0ms)
			BackupInstance (0ms)
			ReleaseScriptingObjects (0ms)
			CreateAndSetChildDomain (1ms)
		EndReloadAssembly (509ms)
			LoadAssemblies (52ms)
			RebuildTransferFunctionScriptingTraits (0ms)
			SetupTypeCache (163ms)
			ReleaseScriptCaches (0ms)
			RebuildScriptCaches (34ms)
			SetupLoadedEditorAssemblies (197ms)
				LogAssemblyErrors (0ms)
				InitializePlatformSupportModulesInManaged (5ms)
				SetLoadedEditorAssemblies (0ms)
				RefreshPlugins (52ms)
				BeforeProcessingInitializeOnLoad (18ms)
				ProcessInitializeOnLoadAttributes (90ms)
				ProcessInitializeOnLoadMethodAttributes (32ms)
				AfterProcessingInitializeOnLoad (0ms)
				EditorAssembliesLoaded (0ms)
			ExecutionOrderSort2 (0ms)
			AwakeInstancesAfterBackupRestoration (0ms)
Platform modules already initialized, skipping
Registering precompiled user dll's ...
Registered in 0.070142 seconds.
Begin MonoManager ReloadAssembly
Native extension for WindowsStandalone target not found
Refreshing native plugins compatible for Editor in 66.29 ms, found 3 plugins.
Preloading 0 native plugins for Editor in 0.00 ms.
Mono: successfully reloaded assembly
- Completed reload, in  6.787 seconds
Domain Reload Profiling:
	ReloadAssembly (6977ms)
		BeginReloadAssembly (683ms)
			ExecutionOrderSort (0ms)
			DisableScriptedObjects (6ms)
			BackupInstance (0ms)
			ReleaseScriptingObjects (0ms)
			CreateAndSetChildDomain (195ms)
		EndReloadAssembly (6026ms)
			LoadAssemblies (1473ms)
			RebuildTransferFunctionScriptingTraits (0ms)
			SetupTypeCache (1555ms)
			ReleaseScriptCaches (1ms)
			RebuildScriptCaches (58ms)
			SetupLoadedEditorAssemblies (2743ms)
				LogAssemblyErrors (0ms)
				InitializePlatformSupportModulesInManaged (4ms)
				SetLoadedEditorAssemblies (0ms)
				RefreshPlugins (66ms)
				BeforeProcessingInitializeOnLoad (294ms)
				ProcessInitializeOnLoadAttributes (1940ms)
				ProcessInitializeOnLoadMethodAttributes (350ms)
				AfterProcessingInitializeOnLoad (88ms)
				EditorAssembliesLoaded (0ms)
			ExecutionOrderSort2 (0ms)
			AwakeInstancesAfterBackupRestoration (8ms)
Platform modules already initialized, skipping
========================================================================
Worker process is ready to serve import requests
Launched and connected shader compiler UnityShaderCompiler.exe after 0.66 seconds
Refreshing native plugins compatible for Editor in 0.82 ms, found 3 plugins.
Preloading 0 native plugins for Editor in 0.00 ms.
Unloading 2346 Unused Serialized files (Serialized files now loaded: 0)
System memory in use before: 101.0 MB.
System memory in use after: 101.1 MB.

Unloading 29 unused Assets to reduce memory usage. Loaded Objects now: 2779.
Total: 269.481500 ms (FindLiveObjects: 0.342000 ms CreateObjectMapping: 0.114100 ms MarkObjects: 251.579600 ms  DeleteObjects: 17.443200 ms)

AssetImportParameters requested are different than current active one (requested -> active):
  custom:framework-win-MediaFoundation: 216162199b28c13a410421893ffa2e32 -> 
  custom:video-decoder-ogg-theora: a1e56fd34408186e4bbccfd4996cb3dc -> 
  custom:container-muxer-webm: aa71ff27fc2769a1b78a27578f13a17b -> 
  custom:container-demuxer-webm: 4f35f7cbe854078d1ac9338744f61a02 -> 
  custom:container-demuxer-ogg: 62fdf1f143b41e24485cea50d1cbac27 -> 
  custom:video-encoder-webm-vp8: eb34c28f22e8b96e1ab97ce403110664 -> 
  custom:video-codec-MediaFoundation-h265: 746d11721c4dcdbdad8f713fa42b33f4 -> 
  custom:video-decoder-webm-vp8: 9c59270c3fd7afecdb556c50c9e8de78 -> 
  custom:audio-decoder-ogg-vorbis: bf7c407c2cedff20999df2af8eb42d56 -> 
  custom:audio-encoder-webm-vorbis: bf7c407c2cedff20999df2af8eb42d56 -> 
========================================================================
Received Import Request.
  path: Assets/Scripts/PlayerController.cs
  artifactKey: Guid(787f4cd14c1a3714c93dcd06a9e91867) Importer(815301076,1909f56bfc062723c751e8b465ee728b)
Start importing Assets/Scripts/PlayerController.cs using Guid(787f4cd14c1a3714c93dcd06a9e91867) Importer(815301076,1909f56bfc062723c751e8b465ee728b)  -> (artifact id: 'f07415e566f892840e72cfc0f83b20ca') in 0.486086 seconds 
  Import took 0.556463 seconds .

========================================================================
Received Import Request.
  Time since last request: 1710.933278 seconds.
  path: Assets/Scripts/PlayerController.cs
  artifactKey: Guid(787f4cd14c1a3714c93dcd06a9e91867) Importer(815301076,1909f56bfc062723c751e8b465ee728b)
Start importing Assets/Scripts/PlayerController.cs using Guid(787f4cd14c1a3714c93dcd06a9e91867) Importer(815301076,1909f56bfc062723c751e8b465ee728b)  -> (artifact id: '9ce26439c63807738e670ad3fafdf541') in 0.330294 seconds 
  Import took 0.715218 seconds .

========================================================================
Received Prepare
Registering precompiled user dll's ...
Registered in 1.054581 seconds.
Begin MonoManager ReloadAssembly
Native extension for WindowsStandalone target not found
Refreshing native plugins compatible for Editor in 4512.12 ms, found 3 plugins.
Preloading 0 native plugins for Editor in 0.00 ms.
Mono: successfully reloaded assembly
- Completed reload, in 95.388 seconds
Domain Reload Profiling:
	ReloadAssembly (95943ms)
		BeginReloadAssembly (29501ms)
			ExecutionOrderSort (51ms)
			DisableScriptedObjects (7105ms)
			BackupInstance (0ms)
			ReleaseScriptingObjects (7ms)
			CreateAndSetChildDomain (6595ms)
		EndReloadAssembly (56883ms)
			LoadAssemblies (16195ms)
			RebuildTransferFunctionScriptingTraits (207ms)
			SetupTypeCache (13352ms)
			ReleaseScriptCaches (1319ms)
			RebuildScriptCaches (3007ms)
			SetupLoadedEditorAssemblies (21381ms)
				LogAssemblyErrors (0ms)
				InitializePlatformSupportModulesInManaged (1169ms)
				SetLoadedEditorAssemblies (149ms)
				RefreshPlugins (4602ms)
				BeforeProcessingInitializeOnLoad (7435ms)
				ProcessInitializeOnLoadAttributes (7456ms)
				ProcessInitializeOnLoadMethodAttributes (525ms)
				AfterProcessingInitializeOnLoad (4ms)
				EditorAssembliesLoaded (43ms)
			ExecutionOrderSort2 (0ms)
			AwakeInstancesAfterBackupRestoration (62ms)
Platform modules already initialized, skipping
Refreshing native plugins compatible for Editor in 200.78 ms, found 3 plugins.
Preloading 0 native plugins for Editor in 0.00 ms.
Unloading 2333 Unused Serialized files (Serialized files now loaded: 0)
System memory in use before: 100.3 MB.
System memory in use after: 100.5 MB.

Unloading 18 unused Assets to reduce memory usage. Loaded Objects now: 2781.
Total: 1036.354000 ms (FindLiveObjects: 38.625800 ms CreateObjectMapping: 1.765500 ms MarkObjects: 967.727600 ms  DeleteObjects: 27.828200 ms)

AssetImportParameters requested are different than current active one (requested -> active):
  custom:framework-win-MediaFoundation: 216162199b28c13a410421893ffa2e32 -> 
  custom:video-decoder-ogg-theora: a1e56fd34408186e4bbccfd4996cb3dc -> 
  custom:container-muxer-webm: aa71ff27fc2769a1b78a27578f13a17b -> 
  custom:container-demuxer-webm: 4f35f7cbe854078d1ac9338744f61a02 -> 
  custom:container-demuxer-ogg: 62fdf1f143b41e24485cea50d1cbac27 -> 
  custom:video-encoder-webm-vp8: eb34c28f22e8b96e1ab97ce403110664 -> 
  custom:video-codec-MediaFoundation-h265: 746d11721c4dcdbdad8f713fa42b33f4 -> 
  custom:video-decoder-webm-vp8: 9c59270c3fd7afecdb556c50c9e8de78 -> 
  custom:audio-decoder-ogg-vorbis: bf7c407c2cedff20999df2af8eb42d56 -> 
  custom:audio-encoder-webm-vorbis: bf7c407c2cedff20999df2af8eb42d56 -> 
========================================================================
Received Import Request.
  Time since last request: 3325.162289 seconds.
  path: Assets/Scripts/PlayerController.cs
  artifactKey: Guid(787f4cd14c1a3714c93dcd06a9e91867) Importer(815301076,1909f56bfc062723c751e8b465ee728b)
Start importing Assets/Scripts/PlayerController.cs using Guid(787f4cd14c1a3714c93dcd06a9e91867) Importer(815301076,1909f56bfc062723c751e8b465ee728b)  -> (artifact id: 'eb8b54f8f3687ed9b4604f192b3b8947') in 3.602030 seconds 
  Import took 4.441161 seconds .

========================================================================
Received Prepare
Registering precompiled user dll's ...
Registered in 0.902804 seconds.
Begin MonoManager ReloadAssembly
Native extension for WindowsStandalone target not found
Refreshing native plugins compatible for Editor in 321.96 ms, found 3 plugins.
Preloading 0 native plugins for Editor in 0.00 ms.
Mono: successfully reloaded assembly
- Completed reload, in 33.854 seconds
Domain Reload Profiling:
	ReloadAssembly (34389ms)
		BeginReloadAssembly (9400ms)
			ExecutionOrderSort (6ms)
			DisableScriptedObjects (757ms)
			BackupInstance (0ms)
			ReleaseScriptingObjects (4ms)
			CreateAndSetChildDomain (4183ms)
		EndReloadAssembly (23318ms)
			LoadAssemblies (6881ms)
			RebuildTransferFunctionScriptingTraits (115ms)
			SetupTypeCache (3375ms)
			ReleaseScriptCaches (115ms)
			RebuildScriptCaches (245ms)
			SetupLoadedEditorAssemblies (12149ms)
				LogAssemblyErrors (0ms)
				InitializePlatformSupportModulesInManaged (743ms)
				SetLoadedEditorAssemblies (249ms)
				RefreshPlugins (492ms)
				BeforeProcessingInitializeOnLoad (4146ms)
				ProcessInitializeOnLoadAttributes (5945ms)
				ProcessInitializeOnLoadMethodAttributes (531ms)
				AfterProcessingInitializeOnLoad (2ms)
				EditorAssembliesLoaded (32ms)
			ExecutionOrderSort2 (0ms)
			AwakeInstancesAfterBackupRestoration (175ms)
Platform modules already initialized, skipping
Refreshing native plugins compatible for Editor in 203.36 ms, found 3 plugins.
Preloading 0 native plugins for Editor in 0.00 ms.
Unloading 2333 Unused Serialized files (Serialized files now loaded: 0)
System memory in use before: 100.3 MB.
System memory in use after: 100.5 MB.

Unloading 18 unused Assets to reduce memory usage. Loaded Objects now: 2783.
Total: 965.096200 ms (FindLiveObjects: 35.429200 ms CreateObjectMapping: 3.371600 ms MarkObjects: 842.984500 ms  DeleteObjects: 82.919700 ms)

AssetImportParameters requested are different than current active one (requested -> active):
  custom:framework-win-MediaFoundation: 216162199b28c13a410421893ffa2e32 -> 
  custom:video-decoder-ogg-theora: a1e56fd34408186e4bbccfd4996cb3dc -> 
  custom:container-muxer-webm: aa71ff27fc2769a1b78a27578f13a17b -> 
  custom:container-demuxer-webm: 4f35f7cbe854078d1ac9338744f61a02 -> 
  custom:container-demuxer-ogg: 62fdf1f143b41e24485cea50d1cbac27 -> 
  custom:video-encoder-webm-vp8: eb34c28f22e8b96e1ab97ce403110664 -> 
  custom:video-codec-MediaFoundation-h265: 746d11721c4dcdbdad8f713fa42b33f4 -> 
  custom:video-decoder-webm-vp8: 9c59270c3fd7afecdb556c50c9e8de78 -> 
  custom:audio-decoder-ogg-vorbis: bf7c407c2cedff20999df2af8eb42d56 -> 
  custom:audio-encoder-webm-vorbis: bf7c407c2cedff20999df2af8eb42d56 -> 
========================================================================
Received Prepare
Registering precompiled user dll's ...
Registered in 1.437324 seconds.
Begin MonoManager ReloadAssembly
Native extension for WindowsStandalone target not found
Refreshing native plugins compatible for Editor in 568.89 ms, found 3 plugins.
Preloading 0 native plugins for Editor in 0.00 ms.
Mono: successfully reloaded assembly
- Completed reload, in 113.519 seconds
Domain Reload Profiling:
	ReloadAssembly (114167ms)
		BeginReloadAssembly (27144ms)
			ExecutionOrderSort (25ms)
			DisableScriptedObjects (2176ms)
			BackupInstance (0ms)
			ReleaseScriptingObjects (11ms)
			CreateAndSetChildDomain (5407ms)
		EndReloadAssembly (75608ms)
			LoadAssemblies (19513ms)
			RebuildTransferFunctionScriptingTraits (241ms)
			SetupTypeCache (41102ms)
			ReleaseScriptCaches (789ms)
			RebuildScriptCaches (4905ms)
			SetupLoadedEditorAssemblies (10009ms)
				LogAssemblyErrors (0ms)
				InitializePlatformSupportModulesInManaged (536ms)
				SetLoadedEditorAssemblies (104ms)
				RefreshPlugins (613ms)
				BeforeProcessingInitializeOnLoad (3244ms)
				ProcessInitializeOnLoadAttributes (4776ms)
				ProcessInitializeOnLoadMethodAttributes (700ms)
				AfterProcessingInitializeOnLoad (3ms)
				EditorAssembliesLoaded (31ms)
			ExecutionOrderSort2 (10ms)
			AwakeInstancesAfterBackupRestoration (125ms)
Platform modules already initialized, skipping
Refreshing native plugins compatible for Editor in 859.19 ms, found 3 plugins.
Preloading 0 native plugins for Editor in 0.00 ms.
Unloading 2333 Unused Serialized files (Serialized files now loaded: 0)
System memory in use before: 100.4 MB.
System memory in use after: 100.6 MB.

Unloading 18 unused Assets to reduce memory usage. Loaded Objects now: 2785.
Total: 1057.097900 ms (FindLiveObjects: 73.606600 ms CreateObjectMapping: 7.434400 ms MarkObjects: 895.428000 ms  DeleteObjects: 74.510900 ms)

AssetImportParameters requested are different than current active one (requested -> active):
  custom:framework-win-MediaFoundation: 216162199b28c13a410421893ffa2e32 -> 
  custom:video-decoder-ogg-theora: a1e56fd34408186e4bbccfd4996cb3dc -> 
  custom:container-muxer-webm: aa71ff27fc2769a1b78a27578f13a17b -> 
  custom:container-demuxer-webm: 4f35f7cbe854078d1ac9338744f61a02 -> 
  custom:container-demuxer-ogg: 62fdf1f143b41e24485cea50d1cbac27 -> 
  custom:video-encoder-webm-vp8: eb34c28f22e8b96e1ab97ce403110664 -> 
  custom:video-codec-MediaFoundation-h265: 746d11721c4dcdbdad8f713fa42b33f4 -> 
  custom:video-decoder-webm-vp8: 9c59270c3fd7afecdb556c50c9e8de78 -> 
  custom:audio-decoder-ogg-vorbis: bf7c407c2cedff20999df2af8eb42d56 -> 
  custom:audio-encoder-webm-vorbis: bf7c407c2cedff20999df2af8eb42d56 -> 
========================================================================
Received Import Request.
  Time since last request: 4496.229586 seconds.
  path: Assets/Scripts/PlayerController.cs
  artifactKey: Guid(787f4cd14c1a3714c93dcd06a9e91867) Importer(815301076,1909f56bfc062723c751e8b465ee728b)
Start importing Assets/Scripts/PlayerController.cs using Guid(787f4cd14c1a3714c93dcd06a9e91867) Importer(815301076,1909f56bfc062723c751e8b465ee728b)  -> (artifact id: 'bda57728bf60ea7ee61a0e27c332e0c9') in 1.320421 seconds 
  Import took 2.076560 seconds .

========================================================================
Received Prepare
Registering precompiled user dll's ...
Registered in 0.670657 seconds.
Begin MonoManager ReloadAssembly
Native extension for WindowsStandalone target not found
Refreshing native plugins compatible for Editor in 2126.52 ms, found 3 plugins.
Preloading 0 native plugins for Editor in 0.00 ms.
Mono: successfully reloaded assembly
- Completed reload, in 97.386 seconds
Domain Reload Profiling:
	ReloadAssembly (98213ms)
		BeginReloadAssembly (18977ms)
			ExecutionOrderSort (16ms)
			DisableScriptedObjects (1752ms)
			BackupInstance (0ms)
			ReleaseScriptingObjects (6ms)
			CreateAndSetChildDomain (6119ms)
		EndReloadAssembly (72679ms)
			LoadAssemblies (13231ms)
			RebuildTransferFunctionScriptingTraits (265ms)
			SetupTypeCache (12804ms)
			ReleaseScriptCaches (521ms)
			RebuildScriptCaches (1555ms)
			SetupLoadedEditorAssemblies (41647ms)
				LogAssemblyErrors (0ms)
				InitializePlatformSupportModulesInManaged (583ms)
				SetLoadedEditorAssemblies (54ms)
				RefreshPlugins (2151ms)
				BeforeProcessingInitializeOnLoad (10174ms)
				ProcessInitializeOnLoadAttributes (25926ms)
				ProcessInitializeOnLoadMethodAttributes (2487ms)
				AfterProcessingInitializeOnLoad (53ms)
				EditorAssembliesLoaded (178ms)
			ExecutionOrderSort2 (1ms)
			AwakeInstancesAfterBackupRestoration (429ms)
Platform modules already initialized, skipping
Refreshing native plugins compatible for Editor in 500.26 ms, found 3 plugins.
Preloading 0 native plugins for Editor in 0.00 ms.
Unloading 2333 Unused Serialized files (Serialized files now loaded: 0)
System memory in use before: 100.4 MB.
System memory in use after: 100.6 MB.

Unloading 18 unused Assets to reduce memory usage. Loaded Objects now: 2787.
Total: 5669.538200 ms (FindLiveObjects: 524.884600 ms CreateObjectMapping: 35.737800 ms MarkObjects: 4484.218100 ms  DeleteObjects: 529.918800 ms)

AssetImportParameters requested are different than current active one (requested -> active):
  custom:framework-win-MediaFoundation: 216162199b28c13a410421893ffa2e32 -> 
  custom:video-decoder-ogg-theora: a1e56fd34408186e4bbccfd4996cb3dc -> 
  custom:container-muxer-webm: aa71ff27fc2769a1b78a27578f13a17b -> 
  custom:container-demuxer-webm: 4f35f7cbe854078d1ac9338744f61a02 -> 
  custom:container-demuxer-ogg: 62fdf1f143b41e24485cea50d1cbac27 -> 
  custom:video-encoder-webm-vp8: eb34c28f22e8b96e1ab97ce403110664 -> 
  custom:video-codec-MediaFoundation-h265: 746d11721c4dcdbdad8f713fa42b33f4 -> 
  custom:video-decoder-webm-vp8: 9c59270c3fd7afecdb556c50c9e8de78 -> 
  custom:audio-decoder-ogg-vorbis: bf7c407c2cedff20999df2af8eb42d56 -> 
  custom:audio-encoder-webm-vorbis: bf7c407c2cedff20999df2af8eb42d56 -> 
